# JRE version: OpenJDK Runtime Environment (21.0.9) (build 21.0.9+-14649483-b1163.86)
# Java VM: OpenJDK 64-Bit Server VM (21.0.9+-14649483-b1163.86, mixed mode, tiered, compressed oops, compressed class ptrs, g1 gc, windows-amd64)
GC Precious Log:
 CardTable entry size: 512
 Card Set container configuration: InlinePtr #cards 4 size 8 Array Of Cards #cards 16 size 48 Howl #buckets 8 coarsen threshold 3686 Howl Bitmap #cards 512 size 80 coarsen threshold 460 Card regions per heap region 1 cards per card region 4096
 CPUs: 12 total, 12 available
 Memory: 15182M
 Large Page Support: Disabled
 NUMA Support: Disabled
 Compressed Oops: Enabled (Zero based)
 Heap Region Size: 2M
 Heap Min Capacity: 8M
 Heap Initial Capacity: 238M
 Heap Max Capacity: 3796M
 Pre-touch: Disabled
 Parallel Workers: 10
 Concurrent Workers: 3
 Concurrent Refinement Workers: 10
 Periodic GC: Disabled
Heap:
 garbage-first heap   total 174080K, used 152199K [0x0000000712c00000, 0x0000000800000000)
  region size 2048K, 29 young (59392K), 3 survivors (6144K)
 Metaspace       used 91767K, committed 92672K, reserved 1179648K
  class space    used 9834K, committed 10240K, reserved 1048576K
GC Heap History (20 events):
Event: 6.632 GC heap before
{Heap before GC invocations=13 (full 0):
 garbage-first heap   total 118784K, used 90947K [0x0000000712c00000, 0x0000000800000000)
  region size 2048K, 20 young (40960K), 1 survivors (2048K)
 Metaspace       used 52261K, committed 52992K, reserved 1114112K
  class space    used 6325K, committed 6656K, reserved 1048576K
}
Event: 6.638 GC heap after
{Heap after GC invocations=14 (full 0):
 garbage-first heap   total 118784K, used 55659K [0x0000000712c00000, 0x0000000800000000)
  region size 2048K, 2 young (4096K), 2 survivors (4096K)
 Metaspace       used 52261K, committed 52992K, reserved 1114112K
  class space    used 6325K, committed 6656K, reserved 1048576K
}
Event: 8.672 GC heap before
{Heap before GC invocations=14 (full 0):
 garbage-first heap   total 118784K, used 96619K [0x0000000712c00000, 0x0000000800000000)
  region size 2048K, 22 young (45056K), 2 survivors (4096K)
 Metaspace       used 59175K, committed 60032K, reserved 1114112K
  class space    used 7142K, committed 7552K, reserved 1048576K
}
Event: 8.695 GC heap after
{Heap after GC invocations=15 (full 0):
 garbage-first heap   total 143360K, used 60805K [0x0000000712c00000, 0x0000000800000000)
  region size 2048K, 3 young (6144K), 3 survivors (6144K)
 Metaspace       used 59175K, committed 60032K, reserved 1114112K
  class space    used 7142K, committed 7552K, reserved 1048576K
}
Event: 10.902 GC heap before
{Heap before GC invocations=15 (full 0):
 garbage-first heap   total 143360K, used 116101K [0x0000000712c00000, 0x0000000800000000)
  region size 2048K, 30 young (61440K), 3 survivors (6144K)
 Metaspace       used 64209K, committed 65024K, reserved 1114112K
  class space    used 7626K, committed 8000K, reserved 1048576K
}
Event: 10.925 GC heap after
{Heap after GC invocations=16 (full 0):
 garbage-first heap   total 143360K, used 68817K [0x0000000712c00000, 0x0000000800000000)
  region size 2048K, 4 young (8192K), 4 survivors (8192K)
 Metaspace       used 64209K, committed 65024K, reserved 1114112K
  class space    used 7626K, committed 8000K, reserved 1048576K
}
Event: 12.861 GC heap before
{Heap before GC invocations=16 (full 0):
 garbage-first heap   total 143360K, used 120017K [0x0000000712c00000, 0x0000000800000000)
  region size 2048K, 29 young (59392K), 4 survivors (8192K)
 Metaspace       used 66025K, committed 66816K, reserved 1114112K
  class space    used 7694K, committed 8064K, reserved 1048576K
}
Event: 12.882 GC heap after
{Heap after GC invocations=17 (full 0):
 garbage-first heap   total 143360K, used 76296K [0x0000000712c00000, 0x0000000800000000)
  region size 2048K, 4 young (8192K), 4 survivors (8192K)
 Metaspace       used 66025K, committed 66816K, reserved 1114112K
  class space    used 7694K, committed 8064K, reserved 1048576K
}
Event: 14.778 GC heap before
{Heap before GC invocations=17 (full 0):
 garbage-first heap   total 143360K, used 121352K [0x0000000712c00000, 0x0000000800000000)
  region size 2048K, 26 young (53248K), 4 survivors (8192K)
 Metaspace       used 67013K, committed 67840K, reserved 1114112K
  class space    used 7721K, committed 8128K, reserved 1048576K
}
Event: 14.797 GC heap after
{Heap after GC invocations=18 (full 0):
 garbage-first heap   total 143360K, used 81145K [0x0000000712c00000, 0x0000000800000000)
  region size 2048K, 3 young (6144K), 3 survivors (6144K)
 Metaspace       used 67013K, committed 67840K, reserved 1114112K
  class space    used 7721K, committed 8128K, reserved 1048576K
}
Event: 16.253 GC heap before
{Heap before GC invocations=19 (full 0):
 garbage-first heap   total 143360K, used 126201K [0x0000000712c00000, 0x0000000800000000)
  region size 2048K, 24 young (49152K), 3 survivors (6144K)
 Metaspace       used 67533K, committed 68352K, reserved 1114112K
  class space    used 7768K, committed 8192K, reserved 1048576K
}
Event: 16.270 GC heap after
{Heap after GC invocations=20 (full 0):
 garbage-first heap   total 143360K, used 88016K [0x0000000712c00000, 0x0000000800000000)
  region size 2048K, 3 young (6144K), 3 survivors (6144K)
 Metaspace       used 67533K, committed 68352K, reserved 1114112K
  class space    used 7768K, committed 8192K, reserved 1048576K
}
Event: 17.646 GC heap before
{Heap before GC invocations=20 (full 0):
 garbage-first heap   total 143360K, used 126928K [0x0000000712c00000, 0x0000000800000000)
  region size 2048K, 22 young (45056K), 3 survivors (6144K)
 Metaspace       used 68039K, committed 68800K, reserved 1114112K
  class space    used 7808K, committed 8192K, reserved 1048576K
}
Event: 17.665 GC heap after
{Heap after GC invocations=21 (full 0):
 garbage-first heap   total 172032K, used 90294K [0x0000000712c00000, 0x0000000800000000)
  region size 2048K, 2 young (4096K), 2 survivors (4096K)
 Metaspace       used 68039K, committed 68800K, reserved 1114112K
  class space    used 7808K, committed 8192K, reserved 1048576K
}
Event: 19.427 GC heap before
{Heap before GC invocations=21 (full 0):
 garbage-first heap   total 172032K, used 149686K [0x0000000712c00000, 0x0000000800000000)
  region size 2048K, 31 young (63488K), 2 survivors (4096K)
 Metaspace       used 69578K, committed 70400K, reserved 1114112K
  class space    used 7933K, committed 8320K, reserved 1048576K
}
Event: 19.438 GC heap after
{Heap after GC invocations=22 (full 0):
 garbage-first heap   total 172032K, used 93622K [0x0000000712c00000, 0x0000000800000000)
  region size 2048K, 4 young (8192K), 4 survivors (8192K)
 Metaspace       used 69578K, committed 70400K, reserved 1114112K
  class space    used 7933K, committed 8320K, reserved 1048576K
}
Event: 21.374 GC heap before
{Heap before GC invocations=23 (full 0):
 garbage-first heap   total 172032K, used 150966K [0x0000000712c00000, 0x0000000800000000)
  region size 2048K, 32 young (65536K), 4 survivors (8192K)
 Metaspace       used 78556K, committed 79424K, reserved 1179648K
  class space    used 8855K, committed 9280K, reserved 1048576K
}
Event: 21.388 GC heap after
{Heap after GC invocations=24 (full 0):
 garbage-first heap   total 172032K, used 98121K [0x0000000712c00000, 0x0000000800000000)
  region size 2048K, 4 young (8192K), 4 survivors (8192K)
 Metaspace       used 78556K, committed 79424K, reserved 1179648K
  class space    used 8855K, committed 9280K, reserved 1048576K
}
Event: 23.715 GC heap before
{Heap before GC invocations=24 (full 0):
 garbage-first heap   total 172032K, used 155465K [0x0000000712c00000, 0x0000000800000000)
  region size 2048K, 32 young (65536K), 4 survivors (8192K)
 Metaspace       used 88391K, committed 89344K, reserved 1179648K
  class space    used 9610K, committed 10048K, reserved 1048576K
}
Event: 23.733 GC heap after
{Heap after GC invocations=25 (full 0):
 garbage-first heap   total 174080K, used 100999K [0x0000000712c00000, 0x0000000800000000)
  region size 2048K, 3 young (6144K), 3 survivors (6144K)
 Metaspace       used 88391K, committed 89344K, reserved 1179648K
  class space    used 9610K, committed 10048K, reserved 1048576K
}

