# JRE version: OpenJDK Runtime Environment (21.0.9) (build 21.0.9+-14649483-b1163.86)
# Java VM: OpenJDK 64-Bit Server VM (21.0.9+-14649483-b1163.86, mixed mode, tiered, compressed oops, compressed class ptrs, g1 gc, windows-amd64)
GC Precious Log:
 CardTable entry size: 512
 Card Set container configuration: InlinePtr #cards 4 size 8 Array Of Cards #cards 32 size 80 Howl #buckets 8 coarsen threshold 7372 Howl Bitmap #cards 1024 size 144 coarsen threshold 921 Card regions per heap region 1 cards per card region 8192
 CPUs: 12 total, 12 available
 Memory: 15182M
 Large Page Support: Disabled
 NUMA Support: Disabled
 Compressed Oops: Enabled (Zero based)
 Heap Region Size: 4M
 Heap Min Capacity: 8M
 Heap Initial Capacity: 240M
 Heap Max Capacity: 8G
 Pre-touch: Disabled
 Parallel Workers: 10
 Concurrent Workers: 3
 Concurrent Refinement Workers: 10
 Periodic GC: Disabled
Heap:
 garbage-first heap   total 589824K, used 221433K [0x0000000600000000, 0x0000000800000000)
  region size 4096K, 6 young (24576K), 6 survivors (24576K)
 Metaspace       used 173215K, committed 175552K, reserved 1245184K
  class space    used 22307K, committed 23424K, reserved 1048576K
GC Heap History (20 events):
Event: 341.070 GC heap after
{Heap after GC invocations=129 (full 0):
 garbage-first heap   total 491520K, used 199819K [0x0000000600000000, 0x0000000800000000)
  region size 4096K, 6 young (24576K), 6 survivors (24576K)
 Metaspace       used 173005K, committed 175360K, reserved 1245184K
  class space    used 22306K, committed 23424K, reserved 1048576K
}
Event: 341.777 GC heap before
{Heap before GC invocations=129 (full 0):
 garbage-first heap   total 491520K, used 441483K [0x0000000600000000, 0x0000000800000000)
  region size 4096K, 67 young (274432K), 6 survivors (24576K)
 Metaspace       used 173134K, committed 175488K, reserved 1245184K
  class space    used 22307K, committed 23424K, reserved 1048576K
}
Event: 341.792 GC heap after
{Heap after GC invocations=130 (full 0):
 garbage-first heap   total 491520K, used 204092K [0x0000000600000000, 0x0000000800000000)
  region size 4096K, 2 young (8192K), 2 survivors (8192K)
 Metaspace       used 173134K, committed 175488K, reserved 1245184K
  class space    used 22307K, committed 23424K, reserved 1048576K
}
Event: 342.662 GC heap before
{Heap before GC invocations=131 (full 0):
 garbage-first heap   total 491520K, used 445756K [0x0000000600000000, 0x0000000800000000)
  region size 4096K, 63 young (258048K), 2 survivors (8192K)
 Metaspace       used 173147K, committed 175488K, reserved 1245184K
  class space    used 22304K, committed 23424K, reserved 1048576K
}
Event: 342.668 GC heap after
{Heap after GC invocations=132 (full 0):
 garbage-first heap   total 491520K, used 203524K [0x0000000600000000, 0x0000000800000000)
  region size 4096K, 2 young (8192K), 2 survivors (8192K)
 Metaspace       used 173147K, committed 175488K, reserved 1245184K
  class space    used 22304K, committed 23424K, reserved 1048576K
}
Event: 343.200 GC heap before
{Heap before GC invocations=132 (full 0):
 garbage-first heap   total 491520K, used 449284K [0x0000000600000000, 0x0000000800000000)
  region size 4096K, 64 young (262144K), 2 survivors (8192K)
 Metaspace       used 173166K, committed 175488K, reserved 1245184K
  class space    used 22304K, committed 23424K, reserved 1048576K
}
Event: 343.210 GC heap after
{Heap after GC invocations=133 (full 0):
 garbage-first heap   total 491520K, used 199914K [0x0000000600000000, 0x0000000800000000)
  region size 4096K, 2 young (8192K), 2 survivors (8192K)
 Metaspace       used 173166K, committed 175488K, reserved 1245184K
  class space    used 22304K, committed 23424K, reserved 1048576K
}
Event: 343.770 GC heap before
{Heap before GC invocations=133 (full 0):
 garbage-first heap   total 491520K, used 457962K [0x0000000600000000, 0x0000000800000000)
  region size 4096K, 66 young (270336K), 2 survivors (8192K)
 Metaspace       used 173184K, committed 175552K, reserved 1245184K
  class space    used 22305K, committed 23424K, reserved 1048576K
}
Event: 343.782 GC heap after
{Heap after GC invocations=134 (full 0):
 garbage-first heap   total 589824K, used 207015K [0x0000000600000000, 0x0000000800000000)
  region size 4096K, 4 young (16384K), 4 survivors (16384K)
 Metaspace       used 173184K, committed 175552K, reserved 1245184K
  class space    used 22305K, committed 23424K, reserved 1048576K
}
Event: 344.663 GC heap before
{Heap before GC invocations=135 (full 0):
 garbage-first heap   total 589824K, used 538791K [0x0000000600000000, 0x0000000800000000)
  region size 4096K, 86 young (352256K), 4 survivors (16384K)
 Metaspace       used 173193K, committed 175552K, reserved 1245184K
  class space    used 22305K, committed 23424K, reserved 1048576K
}
Event: 344.676 GC heap after
{Heap after GC invocations=136 (full 0):
 garbage-first heap   total 589824K, used 210842K [0x0000000600000000, 0x0000000800000000)
  region size 4096K, 5 young (20480K), 5 survivors (20480K)
 Metaspace       used 173193K, committed 175552K, reserved 1245184K
  class space    used 22305K, committed 23424K, reserved 1048576K
}
Event: 345.176 GC heap before
{Heap before GC invocations=136 (full 0):
 garbage-first heap   total 589824K, used 538522K [0x0000000600000000, 0x0000000800000000)
  region size 4096K, 86 young (352256K), 5 survivors (20480K)
 Metaspace       used 173197K, committed 175552K, reserved 1245184K
  class space    used 22305K, committed 23424K, reserved 1048576K
}
Event: 345.206 GC heap after
{Heap after GC invocations=137 (full 0):
 garbage-first heap   total 589824K, used 215508K [0x0000000600000000, 0x0000000800000000)
  region size 4096K, 7 young (28672K), 7 survivors (28672K)
 Metaspace       used 173197K, committed 175552K, reserved 1245184K
  class space    used 22305K, committed 23424K, reserved 1048576K
}
Event: 345.648 GC heap before
{Heap before GC invocations=137 (full 0):
 garbage-first heap   total 589824K, used 539092K [0x0000000600000000, 0x0000000800000000)
  region size 4096K, 86 young (352256K), 7 survivors (28672K)
 Metaspace       used 173201K, committed 175552K, reserved 1245184K
  class space    used 22305K, committed 23424K, reserved 1048576K
}
Event: 345.666 GC heap after
{Heap after GC invocations=138 (full 0):
 garbage-first heap   total 589824K, used 219415K [0x0000000600000000, 0x0000000800000000)
  region size 4096K, 7 young (28672K), 7 survivors (28672K)
 Metaspace       used 173201K, committed 175552K, reserved 1245184K
  class space    used 22305K, committed 23424K, reserved 1048576K
}
Event: 346.250 GC heap before
{Heap before GC invocations=139 (full 0):
 garbage-first heap   total 589824K, used 542999K [0x0000000600000000, 0x0000000800000000)
  region size 4096K, 86 young (352256K), 7 survivors (28672K)
 Metaspace       used 173201K, committed 175552K, reserved 1245184K
  class space    used 22305K, committed 23424K, reserved 1048576K
}
Event: 346.267 GC heap after
{Heap after GC invocations=140 (full 0):
 garbage-first heap   total 589824K, used 218990K [0x0000000600000000, 0x0000000800000000)
  region size 4096K, 5 young (20480K), 5 survivors (20480K)
 Metaspace       used 173201K, committed 175552K, reserved 1245184K
  class space    used 22305K, committed 23424K, reserved 1048576K
}
Event: 346.831 GC heap before
{Heap before GC invocations=140 (full 0):
 garbage-first heap   total 589824K, used 550766K [0x0000000600000000, 0x0000000800000000)
  region size 4096K, 86 young (352256K), 5 survivors (20480K)
 Metaspace       used 173202K, committed 175552K, reserved 1245184K
  class space    used 22305K, committed 23424K, reserved 1048576K
}
Event: 346.857 GC heap after
{Heap after GC invocations=141 (full 0):
 garbage-first heap   total 589824K, used 219311K [0x0000000600000000, 0x0000000800000000)
  region size 4096K, 6 young (24576K), 6 survivors (24576K)
 Metaspace       used 173202K, committed 175552K, reserved 1245184K
  class space    used 22305K, committed 23424K, reserved 1048576K
}
Event: 347.580 GC heap before
{Heap before GC invocations=141 (full 0):
 garbage-first heap   total 589824K, used 542895K [0x0000000600000000, 0x0000000800000000)
  region size 4096K, 86 young (352256K), 6 survivors (24576K)
 Metaspace       used 173215K, committed 175552K, reserved 1245184K
  class space    used 22307K, committed 23424K, reserved 1048576K
}

